<?xml version="1.0" encoding="UTF-8"?>
<testsuite xmlns:xsi="http://www.w3.org/2001/XMLSchema-instance" xsi:noNamespaceSchemaLocation="https://maven.apache.org/surefire/maven-surefire-plugin/xsd/surefire-test-report-3.0.xsd" version="3.0" name="tqs.cucumber.RunCukesTest" time="0.125" tests="1" errors="0" skipped="0" failures="1">
  <properties>
[...]
</properties>
  <testcase name="Search for books published between two dates" classname="Basic Library Features" time="0.059">
    <failure type="java.lang.AssertionError"><![CDATA[java.lang.AssertionError
	at tqs.bookstore.bookTest.checkResult(bookTest.java:49)
	at ✽.the search result should contain the book "The Hobbit" by "J.R.R. Tolkien"(classpath:tqs/bookstore/library.feature:7)
]]></failure>
    <system-out><![CDATA[
Scenario: Search for books published between two dates                                                &amp#27;[90m# tqs/bookstore/library.feature:3&amp#27;[0m
  &amp#27;[32mGiven &amp#27;[0m&amp#27;[32ma book with the title &amp#27;[0m&amp#27;[32m&amp#27;[1m"The Lord of the Rings"&amp#27;[0m&amp#27;[32m, written by &amp#27;[0m&amp#27;[32m&amp#27;[1m"J.R.R. Tolkien"&amp#27;[0m&amp#27;[32m, published in &amp#27;[0m&amp#27;[32m&amp#27;[1m1954&amp#27;[0m &amp#27;[90m# tqs.bookstore.bookTest.addBook(java.lang.String,java.lang.String,int)&amp#27;[0m
  &amp#27;[32mAnd &amp#27;[0m&amp#27;[32ma book with the title &amp#27;[0m&amp#27;[32m&amp#27;[1m"The Hobbit"&amp#27;[0m&amp#27;[32m, written by &amp#27;[0m&amp#27;[32m&amp#27;[1m"J.R.R. Tolkien"&amp#27;[0m&amp#27;[32m, published in &amp#27;[0m&amp#27;[32m&amp#27;[1m1937&amp#27;[0m              &amp#27;[90m# tqs.bookstore.bookTest.addBook(java.lang.String,java.lang.String,int)&amp#27;[0m
  &amp#27;[32mWhen &amp#27;[0m&amp#27;[32msearch for books published between &amp#27;[0m&amp#27;[32m&amp#27;[1m1930&amp#27;[0m&amp#27;[32m and &amp#27;[0m&amp#27;[32m&amp#27;[1m1940&amp#27;[0m                                               &amp#27;[90m# tqs.bookstore.bookTest.setSearchParameters(java.util.Date,java.util.Date)&amp#27;[0m
  &amp#27;[31mThen &amp#27;[0m&amp#27;[31mthe search result should contain the book &amp#27;[0m&amp#27;[31m&amp#27;[1m"The Hobbit"&amp#27;[0m&amp#27;[31m by &amp#27;[0m&amp#27;[31m&amp#27;[1m"J.R.R. Tolkien"&amp#27;[0m                     &amp#27;[90m# tqs.bookstore.bookTest.checkResult(java.lang.String,java.lang.String)&amp#27;[0m
      &amp#27;[31mjava.lang.AssertionError
	at tqs.bookstore.bookTest.checkResult(bookTest.java:49)
	at ✽.the search result should contain the book "The Hobbit" by "J.R.R. Tolkien"(classpath:tqs/bookstore/library.feature:7)
&amp#27;[0m
  &amp#27;[36mAnd &amp#27;[0m&amp#27;[36mthe search result should not contain the book &amp#27;[0m&amp#27;[36m&amp#27;[1m"The Lord of the Rings"&amp#27;[0m&amp#27;[36m by &amp#27;[0m&amp#27;[36m&amp#27;[1m"J.R.R. Tolkien"&amp#27;[0m       &amp#27;[90m# tqs.bookstore.bookTest.checkNegativeResult(java.lang.String,java.lang.String)&amp#27;[0m
]]></system-out>
    <system-err><![CDATA[SLF4J(W): No SLF4J providers were found.
SLF4J(W): Defaulting to no-operation (NOP) logger implementation
SLF4J(W): See https://www.slf4j.org/codes.html#noProviders for further details.
]]></system-err>
  </testcase>
</testsuite>